2025-01-23 01:31:12,020 INFO: Shooting Competition Management System Starting... [in D:\Project development\play_python\test\hanjiajiaqi\software_d\config.py:82]
2025-01-23 01:31:12,020 ERROR: Database connection test failed: The sqlalchemy extension was not registered to the current application.  Please make sure to call init_app() first. [in D:\Project development\play_python\test\hanjiajiaqi\software_d\config.py:103]
2025-01-23 01:31:12,021 ERROR: Cannot connect to database, please check configuration [in D:\Project development\play_python\test\hanjiajiaqi\software_d\config.py:86]
2025-01-23 01:31:12,021 ERROR: Make sure SQL Server is running and Windows Authentication is enabled [in D:\Project development\play_python\test\hanjiajiaqi\software_d\config.py:87]
2025-01-23 01:31:12,021 ERROR: Server name: DESKTOP-N0UKV4T [in D:\Project development\play_python\test\hanjiajiaqi\software_d\config.py:88]
2025-01-23 01:31:12,022 ERROR: Database name: shooting_competition_v1 [in D:\Project development\play_python\test\hanjiajiaqi\software_d\config.py:89]
2025-01-23 01:31:12,022 ERROR: Ensure SQL Server ODBC Driver 17 is installed [in D:\Project development\play_python\test\hanjiajiaqi\software_d\config.py:90]
2025-01-23 01:36:00,114 INFO: 射击比赛管理系统启动 [in D:\Project development\play_python\test\hanjiajiaqi\software_d\config.py:80]
2025-01-23 01:45:57,928 INFO: 射击比赛管理系统启动 [in D:\Project development\play_python\test\hanjiajiaqi\software_d\config.py:80]
2025-01-23 02:02:39,873 INFO: 射击比赛管理系统启动 [in D:\Project development\play_python\test\hanjiajiaqi\software_d\config.py:80]
2025-01-23 02:02:39,950 INFO: Database initialized successfully [in D:\Project development\play_python\test\hanjiajiaqi\software_d\app\__init__.py:70]
2025-01-23 02:02:40,800 INFO: 射击比赛管理系统启动 [in D:\Project development\play_python\test\hanjiajiaqi\software_d\config.py:80]
2025-01-23 02:02:40,897 INFO: Database initialized successfully [in D:\Project development\play_python\test\hanjiajiaqi\software_d\app\__init__.py:70]
2025-01-23 02:04:42,952 INFO: 射击比赛管理系统启动 [in D:\Project development\play_python\test\hanjiajiaqi\software_d\config.py:80]
2025-01-23 02:04:43,082 INFO: Database initialized successfully [in D:\Project development\play_python\test\hanjiajiaqi\software_d\app\__init__.py:70]
2025-01-23 02:05:58,333 INFO: 射击比赛管理系统启动 [in D:\Project development\play_python\test\hanjiajiaqi\software_d\config.py:80]
2025-01-23 02:05:58,462 INFO: Database initialized successfully [in D:\Project development\play_python\test\hanjiajiaqi\software_d\app\__init__.py:70]
2025-01-23 02:08:13,396 INFO: 射击比赛管理系统启动 [in D:\Project development\play_python\test\hanjiajiaqi\software_d\config.py:80]
2025-01-23 02:08:13,530 INFO: Database initialized successfully [in D:\Project development\play_python\test\hanjiajiaqi\software_d\app\__init__.py:70]
2025-01-23 11:20:23,135 INFO: 射击比赛管理系统启动 [in D:\Project development\play_python\test\hanjiajiaqi\software_d\config.py:80]
2025-01-23 11:20:23,271 INFO: Database initialized successfully [in D:\Project development\play_python\test\hanjiajiaqi\software_d\app\__init__.py:70]
2025-01-23 11:20:24,245 INFO: 射击比赛管理系统启动 [in D:\Project development\play_python\test\hanjiajiaqi\software_d\config.py:80]
2025-01-23 11:20:24,360 INFO: Database initialized successfully [in D:\Project development\play_python\test\hanjiajiaqi\software_d\app\__init__.py:70]
2025-01-23 11:26:39,355 INFO: 射击比赛管理系统启动 [in D:\Project development\play_python\test\hanjiajiaqi\software_d\config.py:80]
2025-01-23 11:26:39,476 INFO: Database initialized successfully [in D:\Project development\play_python\test\hanjiajiaqi\software_d\app\__init__.py:70]
2025-01-23 11:26:40,368 INFO: 射击比赛管理系统启动 [in D:\Project development\play_python\test\hanjiajiaqi\software_d\config.py:80]
2025-01-23 11:26:40,470 INFO: Database initialized successfully [in D:\Project development\play_python\test\hanjiajiaqi\software_d\app\__init__.py:70]
2025-01-23 11:30:40,521 INFO: 射击比赛管理系统启动 [in D:\Project development\play_python\test\hanjiajiaqi\software_d\config.py:80]
2025-01-23 11:30:40,643 INFO: Database initialized successfully [in D:\Project development\play_python\test\hanjiajiaqi\software_d\app\__init__.py:70]
2025-01-23 11:30:41,560 INFO: 射击比赛管理系统启动 [in D:\Project development\play_python\test\hanjiajiaqi\software_d\config.py:80]
2025-01-23 11:30:41,677 INFO: Database initialized successfully [in D:\Project development\play_python\test\hanjiajiaqi\software_d\app\__init__.py:70]
2025-01-23 11:45:25,874 INFO: 射击比赛管理系统启动 [in D:\Project development\play_python\test\hanjiajiaqi\software_d\config.py:80]
2025-01-23 11:45:26,007 INFO: Database initialized successfully [in D:\Project development\play_python\test\hanjiajiaqi\software_d\app\__init__.py:70]
2025-01-23 11:45:26,949 INFO: 射击比赛管理系统启动 [in D:\Project development\play_python\test\hanjiajiaqi\software_d\config.py:80]
2025-01-23 11:45:27,050 INFO: Database initialized successfully [in D:\Project development\play_python\test\hanjiajiaqi\software_d\app\__init__.py:70]
2025-01-23 11:46:12,390 INFO: 射击比赛管理系统启动 [in D:\Project development\play_python\test\hanjiajiaqi\software_d\config.py:80]
2025-01-23 11:46:12,490 INFO: Database initialized successfully [in D:\Project development\play_python\test\hanjiajiaqi\software_d\app\__init__.py:70]
2025-01-23 11:46:13,373 INFO: 射击比赛管理系统启动 [in D:\Project development\play_python\test\hanjiajiaqi\software_d\config.py:80]
2025-01-23 11:46:13,477 INFO: Database initialized successfully [in D:\Project development\play_python\test\hanjiajiaqi\software_d\app\__init__.py:70]
2025-01-23 11:53:02,392 INFO: 射击比赛管理系统启动 [in D:\Project development\play_python\test\hanjiajiaqi\software_d\config.py:80]
2025-01-23 11:53:02,507 INFO: Database initialized successfully [in D:\Project development\play_python\test\hanjiajiaqi\software_d\app\__init__.py:70]
2025-01-23 11:53:03,397 INFO: 射击比赛管理系统启动 [in D:\Project development\play_python\test\hanjiajiaqi\software_d\config.py:80]
2025-01-23 11:53:03,504 INFO: Database initialized successfully [in D:\Project development\play_python\test\hanjiajiaqi\software_d\app\__init__.py:70]
2025-01-23 12:03:14,126 INFO: 射击比赛管理系统启动 [in D:\Project development\play_python\test\hanjiajiaqi\software_d\config.py:80]
2025-01-23 12:03:14,234 INFO: 数据库初始化成功 [in D:\Project development\play_python\test\hanjiajiaqi\software_d\app\__init__.py:86]
2025-01-23 12:03:15,158 INFO: 射击比赛管理系统启动 [in D:\Project development\play_python\test\hanjiajiaqi\software_d\config.py:80]
2025-01-23 12:03:15,261 INFO: 数据库初始化成功 [in D:\Project development\play_python\test\hanjiajiaqi\software_d\app\__init__.py:86]
2025-01-23 12:07:38,063 INFO: 射击比赛管理系统启动 [in D:\Project development\play_python\test\hanjiajiaqi\software_d\config.py:80]
2025-01-23 12:07:38,180 INFO: 数据库初始化成功 [in D:\Project development\play_python\test\hanjiajiaqi\software_d\app\__init__.py:86]
2025-01-23 12:07:39,079 INFO: 射击比赛管理系统启动 [in D:\Project development\play_python\test\hanjiajiaqi\software_d\config.py:80]
2025-01-23 12:07:39,185 INFO: 数据库初始化成功 [in D:\Project development\play_python\test\hanjiajiaqi\software_d\app\__init__.py:86]
